<?xml version="1.0" encoding="UTF-8"?>
<testsuite name="FloatingPointNumbersCompareUtilsTest" tests="1" skipped="0" failures="0" errors="0" timestamp="2022-05-05T16:54:45" hostname="tamaras-macbook-pro.home" time="0.015">
  <properties/>
  <testcase name="isApproximatelyEqual()" classname="FloatingPointNumbersCompareUtilsTest" time="0.015"/>
  <system-out><![CDATA[]]></system-out>
  <system-err><![CDATA[]]></system-err>
</testsuite>
